[5492:1272:0104/121634:INFO:AppRunner.cpp(611)] Begin run process geeplayer, -runfrom openimage "F:\zechuncai.github.io\image\作业.gif", mainplugin is mainPlugin
[5492:1272:0104/121634:INFO:AppRunner.cpp(617)] ProductName is GeePlayer1
[5492:1272:0104/121634:INFO:ChannelManager.cpp(1219)] create connection thread
[5492:1272:0104/121634:INFO:AppRunner.cpp(661)] apppluginbase version is 5.1.3.13
[5492:1272:0104/121634:INFO:UIlib.cpp(192)] quilib: version is 5.1.3.9
[5492:1272:0104/121634:INFO:serviceManager.cpp(508)] mainprocessisrunning key is set as 1
[5492:1272:0104/121634:INFO:serviceManager.cpp(629)] create local service plugin PluginServerStatePlugin
[5492:1272:0104/121634:INFO:serviceManager.cpp(687)] plugin PluginServerStatePlugin DoPluginInit
[5492:1272:0104/121634:INFO:serviceManager.cpp(1272)] repository parse over
[5492:1272:0104/121634:INFO:DomainManager.cpp(244)] create global domain channel list::QyClient.exe
[5492:1272:0104/121634:INFO:ChannelManager.cpp(504)] create list::QyClient.exe:: process object
[5492:1272:0104/121634:INFO:LpcProcess.cpp(242)] create default channel GeePlayer1::geeplayer.exe::::list::QyClient.exe::::
[5492:1272:0104/121635:INFO:UIManager.cpp(383)] quilib:call set resouce path, path is c:\program files (x86)\iqiyi video\geeplayer\3.0.40.3591\skin
[5492:1272:0104/121635:INFO:UIMarkup.cpp(395)] quilib:Open Resource failed, Path is c:\program files (x86)\iqiyi video\geeplayer\3.0.40.3591\skin\StyleTable.xml, last error is0
[5492:1272:0104/121635:INFO:UIDlgBuilder.cpp(512)] quilib:create root control failed
[5492:1272:0104/121635:INFO:UIDlgBuilder.cpp(512)] quilib:create root control failed
[5492:1272:0104/121635:INFO:UIDlgBuilder.cpp(512)] quilib:create root control failed
[5492:1272:0104/121635:INFO:UIDlgBuilder.cpp(512)] quilib:create root control failed
[5492:1272:0104/121635:INFO:UIDlgBuilder.cpp(512)] quilib:create root control failed
[5492:1272:0104/121635:INFO:UIDlgBuilder.cpp(512)] quilib:create root control failed
[5492:1272:0104/121643:INFO:AppRunner.cpp(720)] loop exit geeplayer call main plugin DestoryPluginEntry
[5492:1272:0104/121643:INFO:PluginDevelopAssistant.cpp(115)] real plugin mainPlugin call DestroyPlugin
[5492:1272:0104/121643:INFO:IPlugin.cpp(31)] destruct plugin mainPlugin
[5492:1272:0104/121643:INFO:serviceManager.cpp(1353)] mainPlugin plugin had destroy by DestructPlugin
[5492:1272:0104/121643:INFO:serviceManager.cpp(1906)] DestructManager begin
[5492:1272:0104/121643:INFO:IPlugin.cpp(31)] destruct plugin PluginServerStatePlugin
[5492:1272:0104/121643:INFO:PluginDevelopAssistant.cpp(295)] real plugin PluginServerStatePlugin call DestroyPlugin
[5492:1272:0104/121643:INFO:serviceManager.cpp(1353)] PluginServerStatePlugin plugin had destroy by DestructPlugin
[5492:1272:0104/121643:INFO:serviceManager.cpp(1759)] DeleteLeftPlugins begin
[5492:1272:0104/121643:INFO:serviceManager.cpp(1822)] DeleteLeftPlugins end
[5492:1272:0104/121643:INFO:serviceManager.cpp(508)] mainprocessisrunning key is set as 0
[5492:1272:0104/121643:INFO:AppRunner.cpp(735)] close mutex of process geeplayer
[5492:1272:0104/121643:INFO:AppRunner.cpp(743)] run process geeplayer end
